<?xml version="1.0" encoding="UTF-8"?>
<!-- Generated by org.testng.reporters.JUnitXMLReporter -->
<testsuite hostname="DESKTOP-EPQNIBM" ignored="0" name="Test" tests="7" failures="0" timestamp="04 Jul 2021 11:13:47 GMT" time="55.367" errors="0">
  <testcase name="TestCase01" time="10.097" classname="com.jbk.testcases"/>
  <testcase name="TestCase02" time="4.92" classname="com.jbk.testcases"/>
  <testcase name="tes01" time="7.056" classname="com.jbk.NewUserPageTestCases"/>
  <testcase name="test02" time="7.283" classname="com.jbk.NewUserPageTestCases"/>
  <testcase name="test03" time="8.108" classname="com.jbk.NewUserPageTestCases"/>
  <testcase name="test04" time="8.034" classname="com.jbk.NewUserPageTestCases"/>
  <testcase name="test05" time="9.749" classname="com.jbk.NewUserPageTestCases"/>
</testsuite> <!-- Test -->
