<?xml version="1.0" encoding="UTF-8"?>
<testng-results skipped="0" failed="0" ignored="0" total="1" passed="1">
  <reporter-output>
  </reporter-output>
  <suite name="Suite" duration-ms="10281" started-at="2021-07-04T08:11:46Z" finished-at="2021-07-04T08:11:56Z">
    <groups>
    </groups>
    <test name="Test" duration-ms="10281" started-at="2021-07-04T08:11:46Z" finished-at="2021-07-04T08:11:56Z">
      <class name="com.jbk.testcases">
        <test-method status="PASS" signature="TestCase01()[pri:0, instance:com.jbk.testcases@2cb4c3ab]" name="TestCase01" duration-ms="10171" started-at="2021-07-04T08:11:46Z" finished-at="2021-07-04T08:11:56Z">
          <reporter-output>
          </reporter-output>
        </test-method> <!-- TestCase01 -->
      </class> <!-- com.jbk.testcases -->
    </test> <!-- Test -->
  </suite> <!-- Suite -->
</testng-results>
