<?xml version="1.0" encoding="UTF-8"?>
<testng-results skipped="0" failed="0" ignored="0" total="3" passed="3">
  <reporter-output>
  </reporter-output>
  <suite name="Suite" duration-ms="29316" started-at="2021-07-04T09:47:48Z" finished-at="2021-07-04T09:48:17Z">
    <groups>
    </groups>
    <test name="Test1" duration-ms="29316" started-at="2021-07-04T09:47:48Z" finished-at="2021-07-04T09:48:17Z">
      <class name="com.jbk.demotest">
        <test-method status="PASS" signature="TestCase01()[pri:0, instance:com.jbk.demotest@12843fce]" name="TestCase01" duration-ms="7869" started-at="2021-07-04T09:48:03Z" finished-at="2021-07-04T09:48:11Z">
          <reporter-output>
          </reporter-output>
        </test-method> <!-- TestCase01 -->
        <test-method status="PASS" signature="TestCase02()[pri:0, instance:com.jbk.demotest@12843fce]" name="TestCase02" duration-ms="6290" started-at="2021-07-04T09:48:11Z" finished-at="2021-07-04T09:48:17Z">
          <reporter-output>
          </reporter-output>
        </test-method> <!-- TestCase02 -->
      </class> <!-- com.jbk.demotest -->
      <class name="com.jbk.testcases">
        <test-method status="PASS" signature="TestCase01()[pri:0, instance:com.jbk.testcases@13c78c0b]" name="TestCase01" duration-ms="15001" started-at="2021-07-04T09:47:48Z" finished-at="2021-07-04T09:48:03Z">
          <reporter-output>
          </reporter-output>
        </test-method> <!-- TestCase01 -->
      </class> <!-- com.jbk.testcases -->
    </test> <!-- Test1 -->
  </suite> <!-- Suite -->
</testng-results>
